Determining if the pthread_create exist failed with the following output:
Change Dir: /home/akarpovskii/Programming/C-C++/oop/block8/MyVariant/cmake-build-debug/CMakeFiles/CMakeTmp

Run Build Command:"/usr/bin/make" "cmTC_b3939/fast"
/usr/bin/make -f CMakeFiles/cmTC_b3939.dir/build.make CMakeFiles/cmTC_b3939.dir/build
make[1]: вход в каталог «/home/akarpovskii/Programming/C-C++/oop/block8/MyVariant/cmake-build-debug/CMakeFiles/CMakeTmp»
Building C object CMakeFiles/cmTC_b3939.dir/CheckSymbolExists.c.o
/usr/bin/cc    -o CMakeFiles/cmTC_b3939.dir/CheckSymbolExists.c.o   -c /home/akarpovskii/Programming/C-C++/oop/block8/MyVariant/cmake-build-debug/CMakeFiles/CMakeTmp/CheckSymbolExists.c
Linking C executable cmTC_b3939
/home/akarpovskii/CLion/bin/cmake/bin/cmake -E cmake_link_script CMakeFiles/cmTC_b3939.dir/link.txt --verbose=1
/usr/bin/cc      -rdynamic CMakeFiles/cmTC_b3939.dir/CheckSymbolExists.c.o  -o cmTC_b3939 
CMakeFiles/cmTC_b3939.dir/CheckSymbolExists.c.o: In function `main':
CheckSymbolExists.c:(.text+0x1b): undefined reference to `pthread_create'
collect2: ошибка: выполнение ld завершилось с кодом возврата 1
make[1]: *** [CMakeFiles/cmTC_b3939.dir/build.make:98: cmTC_b3939] Ошибка 1
make[1]: выход из каталога «/home/akarpovskii/Programming/C-C++/oop/block8/MyVariant/cmake-build-debug/CMakeFiles/CMakeTmp»
make: *** [Makefile:126: cmTC_b3939/fast] Ошибка 2

File /home/akarpovskii/Programming/C-C++/oop/block8/MyVariant/cmake-build-debug/CMakeFiles/CMakeTmp/CheckSymbolExists.c:
/* */
#include <pthread.h>

int main(int argc, char** argv)
{
  (void)argv;
#ifndef pthread_create
  return ((int*)(&pthread_create))[argc];
#else
  (void)argc;
  return 0;
#endif
}

